TN:
SF:src/App.tsx
FN:5,App
FNF:1
FNH:1
FNDA:46,App
DA:6,46
LF:1
LH:1
BRF:0
BRH:0
end_of_record
TN:
SF:src/Counter.tsx
FN:3,(anonymous_0)
FN:6,(anonymous_1)
FN:10,(anonymous_2)
FN:14,(anonymous_3)
FNF:4
FNH:4
FNDA:76,(anonymous_0)
FNDA:9,(anonymous_1)
FNDA:6,(anonymous_2)
FNDA:1,(anonymous_3)
DA:3,22
DA:4,76
DA:6,76
DA:7,9
DA:10,76
DA:11,6
DA:14,76
DA:15,1
DA:18,76
LF:9
LH:9
BRF:0
BRH:0
end_of_record
TN:
SF:src/index.tsx
FNF:0
FNH:0
DA:7,23
DA:17,23
LF:2
LH:2
BRF:0
BRH:0
end_of_record
TN:
SF:src/reportWebVitals.ts
FN:3,(anonymous_0)
FN:5,(anonymous_1)
FNF:2
FNH:1
FNDA:23,(anonymous_0)
FNDA:0,(anonymous_1)
DA:3,23
DA:4,23
DA:5,0
DA:6,0
DA:7,0
DA:8,0
DA:9,0
DA:10,0
LF:8
LH:2
BRDA:4,0,0,0
BRDA:4,0,1,23
BRDA:4,1,0,23
BRDA:4,1,1,0
BRF:4
BRH:2
end_of_record
