TN:
SF:src/App.tsx
FN:5,App
FNF:1
FNH:1
FNDA:102,App
DA:6,102
LF:1
LH:1
BRF:0
BRH:0
end_of_record
TN:
SF:src/Counter.tsx
FN:3,(anonymous_0)
FN:6,(anonymous_1)
FN:10,(anonymous_2)
FN:14,(anonymous_3)
FNF:4
FNH:4
FNDA:168,(anonymous_0)
FNDA:18,(anonymous_1)
FNDA:12,(anonymous_2)
FNDA:4,(anonymous_3)
DA:3,50
DA:4,168
DA:6,168
DA:7,18
DA:10,168
DA:11,12
DA:14,168
DA:15,4
DA:18,168
LF:9
LH:9
BRF:0
BRH:0
end_of_record
TN:
SF:src/Form.tsx
FN:3,(anonymous_0)
FN:15,(anonymous_1)
FN:24,(anonymous_2)
FNF:3
FNH:3
FNDA:332,(anonymous_0)
FNDA:114,(anonymous_1)
FNDA:24,(anonymous_2)
DA:3,28
DA:4,332
DA:5,332
DA:7,332
DA:15,114
DA:24,24
LF:6
LH:6
BRF:0
BRH:0
end_of_record
TN:
SF:src/index.tsx
FNF:0
FNH:0
DA:7,51
DA:17,51
LF:2
LH:2
BRF:0
BRH:0
end_of_record
TN:
SF:src/reportWebVitals.ts
FN:3,(anonymous_0)
FN:5,(anonymous_1)
FNF:2
FNH:1
FNDA:51,(anonymous_0)
FNDA:0,(anonymous_1)
DA:3,51
DA:4,51
DA:5,0
DA:6,0
DA:7,0
DA:8,0
DA:9,0
DA:10,0
LF:8
LH:2
BRDA:4,0,0,0
BRDA:4,0,1,51
BRDA:4,1,0,51
BRDA:4,1,1,0
BRF:4
BRH:2
end_of_record
